\BOOKMARK [0][-]{section*.1}{\376\377\000A\000b\000s\000t\000r\000a\000c\000t}{}% 1
\BOOKMARK [0][-]{chapter.2}{\376\377\0001\000\040\000I\000n\000t\000r\000o\000d\000u\000c\000t\000i\000o\000n}{}% 2
\BOOKMARK [0][-]{chapter.3}{\376\377\0002\000\040\000L\000i\000t\000e\000r\000a\000t\000u\000r\000e\000\040\000R\000e\000v\000i\000e\000w}{}% 3
\BOOKMARK [1][-]{section.4}{\376\377\0002\000.\0001\000\040\000T\000i\000m\000e\000-\000S\000e\000r\000i\000e\000s\000\040\000A\000n\000a\000l\000y\000s\000i\000s}{chapter.3}% 4
\BOOKMARK [1][-]{section.5}{\376\377\0002\000.\0002\000\040\000\040\000N\000e\000u\000r\000a\000l\000\040\000N\000e\000t\000w\000o\000r\000k\000\040\000m\000o\000d\000e\000l}{chapter.3}% 5
\BOOKMARK [0][-]{chapter.7}{\376\377\0003\000\040\000b\000a\000c\000k\000g\000r\000o\000u\000n\000d}{}% 6
\BOOKMARK [1][-]{section.12}{\376\377\0003\000.\0001\000\040\000C\000l\000a\000s\000s\000i\000c\000\040\000T\000i\000m\000e\000\040\000S\000e\000r\000i\000e\000s\000\040\000M\000o\000d\000e\000l}{chapter.7}% 7
\BOOKMARK [2][-]{subsection.13}{\376\377\0003\000.\0001\000.\0001\000\040\000\040\000A\000R\000I\000M\000A\000\040\000m\000o\000d\000e\000l}{section.12}% 8
\BOOKMARK [2][-]{subsection.14}{\376\377\0003\000.\0001\000.\0002\000\040\000V\000e\000c\000t\000o\000r\000\040\000A\000u\000t\000o\000\040\000R\000e\000g\000r\000e\000s\000s\000i\000o\000n\000\040\000\050\000V\000A\000R\000\051}{section.12}% 9
\BOOKMARK [1][-]{section.16}{\376\377\0003\000.\0002\000\040\000\040\000N\000e\000u\000r\000a\000l\000\040\000N\000e\000t\000w\000o\000r\000k\000\040\000m\000o\000d\000e\000l}{chapter.7}% 10
\BOOKMARK [2][-]{subsection.18}{\376\377\0003\000.\0002\000.\0001\000\040\000L\000o\000n\000g\000-\000S\000h\000o\000r\000t\000\040\000T\000e\000r\000m\000\040\000M\000e\000m\000o\000r\000y\000\040\000M\000o\000d\000e\000l}{section.16}% 11
\BOOKMARK [2][-]{subsection.23}{\376\377\0003\000.\0002\000.\0002\000\040\000\040\000B\000i\000-\000D\000i\000r\000e\000c\000t\000i\000o\000n\000a\000l\000\040\000L\000S\000T\000M}{section.16}% 12
\BOOKMARK [0][-]{chapter.28}{\376\377\0004\000\040\000E\000x\000p\000e\000r\000i\000m\000e\000n\000t\000a\000l\000\040\000D\000a\000t\000a\000s\000e\000t}{}% 13
\BOOKMARK [1][-]{section.29}{\376\377\0004\000.\0001\000\040\000D\000a\000t\000a\000s\000e\000t}{chapter.28}% 14
\BOOKMARK [1][-]{section.41}{\376\377\0004\000.\0002\000\040\000\040\000D\000a\000t\000a\000\040\000v\000i\000s\000u\000a\000l\000i\000z\000a\000t\000i\000o\000n\000\040\000a\000n\000d\000\040\000f\000e\000a\000t\000u\000r\000e\000\040\000e\000n\000g\000i\000n\000e\000e\000r\000i\000n\000g}{chapter.28}% 15
\BOOKMARK [1][-]{section.51}{\376\377\0004\000.\0003\000\040\000E\000r\000r\000o\000r\000\040\000M\000e\000t\000r\000i\000c\000s}{chapter.28}% 16
\BOOKMARK [0][-]{chapter.53}{\376\377\0005\000\040\000T\000i\000m\000e\000-\000s\000e\000r\000i\000e\000s\000\040\000m\000o\000d\000e\000l}{}% 17
\BOOKMARK [1][-]{section.59}{\376\377\0005\000.\0001\000\040\000A\000R\000I\000M\000A\000\040\000M\000o\000d\000e\000l}{chapter.53}% 18
\BOOKMARK [1][-]{section.62}{\376\377\0005\000.\0002\000\040\000\040\000V\000e\000c\000t\000o\000r\000\040\000A\000u\000t\000o\000\040\000R\000e\000g\000r\000e\000s\000s\000i\000o\000n\000\050\000V\000A\000R\000\051\000\040\000M\000o\000d\000e\000l}{chapter.53}% 19
\BOOKMARK [0][-]{chapter.65}{\376\377\0006\000\040\000N\000e\000u\000a\000r\000a\000l\000\040\000N\000e\000t\000w\000o\000r\000k\000\040\000m\000o\000d\000e\000l}{}% 20
\BOOKMARK [1][-]{section.66}{\376\377\0006\000.\0001\000\040\000L\000S\000T\000M\000\040\000m\000o\000d\000e\000l}{chapter.65}% 21
\BOOKMARK [1][-]{section.76}{\376\377\0006\000.\0002\000\040\000B\000I\000-\000L\000S\000T\000M\000\040\000m\000o\000d\000e\000l}{chapter.65}% 22
\BOOKMARK [0][-]{chapter.84}{\376\377\0007\000\040\000F\000u\000t\000u\000r\000e\000\040\000w\000o\000r\000k}{}% 23
\BOOKMARK [0][-]{chapter.85}{\376\377\0008\000\040\000C\000o\000n\000c\000l\000u\000s\000i\000o\000n}{}% 24
\BOOKMARK [0][-]{section*.86}{\376\377\000L\000i\000s\000t\000\040\000o\000f\000\040\000F\000i\000g\000u\000r\000e\000s}{}% 25
\BOOKMARK [0][-]{section*.87}{\376\377\000L\000i\000s\000t\000\040\000o\000f\000\040\000T\000a\000b\000l\000e\000s}{}% 26
\BOOKMARK [0][-]{section*.88}{\376\377\000B\000i\000b\000l\000i\000o\000g\000r\000a\000p\000h\000y}{}% 27
\BOOKMARK [0][-]{appendix*.89}{\376\377\000m\000o\000d\000e\000l\000\040\000r\000u\000n\000\040\000w\000i\000t\000h\000\040\000d\000i\000f\000f\000e\000r\000e\000n\000t\000\040\000r\000e\000s\000o\000u\000r\000c\000e\000s}{}% 28
