This is pdfTeX, Version 3.14159265-2.6-1.40.21 (MiKTeX 2.9.7400 64-bit) (preloaded format=pdflatex 2020.4.30)  8 JUN 2021 17:58
entering extended mode
**./Thesis.tex
(Thesis.tex
LaTeX2e <2020-02-02> patch level 5
L3 programming layer <2020-04-06> (Thesis.cls
Document Class: Thesis 2017/02/27 v1.0 LaTeX document class
("C:\Users\JD\AppData\Local\Programs\MiKTeX 2.9\tex/latex/base\book.cls"
Document Class: book 2019/12/20 v1.4l Standard LaTeX document class
("C:\Users\JD\AppData\Local\Programs\MiKTeX 2.9\tex/latex/base\bk11.clo"
File: bk11.clo 2019/12/20 v1.4l Standard LaTeX file (size option)
)
\c@part=\count167
\c@chapter=\count168
\c@section=\count169
\c@subsection=\count170
\c@subsubsection=\count171
\c@paragraph=\count172
\c@subparagraph=\count173
\c@figure=\count174
\c@table=\count175
\abovecaptionskip=\skip47
\belowcaptionskip=\skip48
\bibindent=\dimen134
)
("C:\Users\JD\AppData\Local\Programs\MiKTeX 2.9\tex/latex/base\ifthen.sty"
Package: ifthen 2014/09/29 v1.1c Standard LaTeX ifthen package (DPC)
)
("C:\Users\JD\AppData\Local\Programs\MiKTeX 2.9\tex/latex/setspace\setspace.sty
"
Package: setspace 2011/12/19 v6.7a set line spacing
) ("C:\Users\JD\AppData\Local\Programs\MiKTeX 2.9\tex/latex/vmargin\vmargin.sty
"
Package: vmargin 2004/07/15 V2.5 set document margins (VK)

Package: vmargin 2004/07/15 V2.5 set document margins (VK)
\PaperWidth=\dimen135
\PaperHeight=\dimen136
)
("C:\Users\JD\AppData\Local\Programs\MiKTeX 2.9\tex/latex/fancyhdr\fancyhdr.sty
"
Package: fancyhdr 2021/01/28 v4.0.1 Extensive control of page headers and foote
rs
\f@nch@headwidth=\skip49
\f@nch@O@elh=\skip50
\f@nch@O@erh=\skip51
\f@nch@O@olh=\skip52
\f@nch@O@orh=\skip53
\f@nch@O@elf=\skip54
\f@nch@O@erf=\skip55
\f@nch@O@olf=\skip56
\f@nch@O@orf=\skip57
) ("C:\Users\JD\AppData\Local\Programs\MiKTeX 2.9\tex/latex/amsmath\amsmath.sty
"
Package: amsmath 2020/01/20 v2.17e AMS math features
\@mathmargin=\skip58

For additional information on amsmath, use the `?' option.
("C:\Users\JD\AppData\Local\Programs\MiKTeX 2.9\tex/latex/amsmath\amstext.sty"
Package: amstext 2000/06/29 v2.01 AMS text

("C:\Users\JD\AppData\Local\Programs\MiKTeX 2.9\tex/latex/amsmath\amsgen.sty"
File: amsgen.sty 1999/11/30 v2.0 generic functions
\@emptytoks=\toks15
\ex@=\dimen137
)) ("C:\Users\JD\AppData\Local\Programs\MiKTeX 2.9\tex/latex/amsmath\amsbsy.sty
"
Package: amsbsy 1999/11/29 v1.2d Bold Symbols
\pmbraise@=\dimen138
) ("C:\Users\JD\AppData\Local\Programs\MiKTeX 2.9\tex/latex/amsmath\amsopn.sty"
Package: amsopn 2016/03/08 v2.02 operator names
)
\inf@bad=\count176
LaTeX Info: Redefining \frac on input line 227.
\uproot@=\count177
\leftroot@=\count178
LaTeX Info: Redefining \overline on input line 389.
\classnum@=\count179
\DOTSCASE@=\count180
LaTeX Info: Redefining \ldots on input line 486.
LaTeX Info: Redefining \dots on input line 489.
LaTeX Info: Redefining \cdots on input line 610.
\Mathstrutbox@=\box45
\strutbox@=\box46
\big@size=\dimen139
LaTeX Font Info:    Redeclaring font encoding OML on input line 733.
LaTeX Font Info:    Redeclaring font encoding OMS on input line 734.
\macc@depth=\count181
\c@MaxMatrixCols=\count182
\dotsspace@=\muskip16
\c@parentequation=\count183
\dspbrk@lvl=\count184
\tag@help=\toks16
\row@=\count185
\column@=\count186
\maxfields@=\count187
\andhelp@=\toks17
\eqnshift@=\dimen140
\alignsep@=\dimen141
\tagshift@=\dimen142
\tagwidth@=\dimen143
\totwidth@=\dimen144
\lineht@=\dimen145
\@envbody=\toks18
\multlinegap=\skip59
\multlinetaggap=\skip60
\mathdisplay@stack=\toks19
LaTeX Info: Redefining \[ on input line 2859.
LaTeX Info: Redefining \] on input line 2860.
)
("C:\Users\JD\AppData\Local\Programs\MiKTeX 2.9\tex/latex/amsfonts\amsfonts.sty
"
Package: amsfonts 2013/01/14 v3.01 Basic AMSFonts support
\symAMSa=\mathgroup4
\symAMSb=\mathgroup5
LaTeX Font Info:    Redeclaring math symbol \hbar on input line 98.
LaTeX Font Info:    Overwriting math alphabet `\mathfrak' in version `bold'
(Font)                  U/euf/m/n --> U/euf/b/n on input line 106.
)
("C:\Users\JD\AppData\Local\Programs\MiKTeX 2.9\tex/latex/amsfonts\amssymb.sty"
Package: amssymb 2013/01/14 v3.01 AMS font symbols
) ("C:\Users\JD\AppData\Local\Programs\MiKTeX 2.9\tex/latex/amsmath\amscd.sty"
Package: amscd 2017/04/14 v2.1 AMS Commutative Diagrams
\athelp@=\toks20
\minaw@=\dimen146
\bigaw@=\dimen147
\minCDarrowwidth=\dimen148
) ("C:\Users\JD\AppData\Local\Programs\MiKTeX 2.9\tex/latex/amscls\amsthm.sty"
Package: amsthm 2020/05/29 v2.20.6
\thm@style=\toks21
\thm@bodyfont=\toks22
\thm@headfont=\toks23
\thm@notefont=\toks24
\thm@headpunct=\toks25
\thm@preskip=\skip61
\thm@postskip=\skip62
\thm@headsep=\skip63
\dth@everypar=\toks26
)
("C:\Users\JD\AppData\Local\Programs\MiKTeX 2.9\tex/latex/tools\xspace.sty"
Package: xspace 2014/10/28 v1.13 Space after command names (DPC,MH)
)
("C:\Users\JD\AppData\Local\Programs\MiKTeX 2.9\tex/latex/caption\caption.sty"
Package: caption 2020/05/10 v3.4j Customizing captions (AR)

("C:\Users\JD\AppData\Local\Programs\MiKTeX 2.9\tex/latex/caption\caption3.sty"
Package: caption3 2020/05/10 v1.11 caption3 kernel (AR)
Package caption3 Info: TeX engine: e-TeX on input line 61.
("C:\Users\JD\AppData\Local\Programs\MiKTeX 2.9\tex/latex/graphics\keyval.sty"
Package: keyval 2014/10/28 v1.15 key=value parser (DPC)
\KV@toks@=\toks27
)
\captionmargin=\dimen149
\captionmargin@=\dimen150
\captionwidth=\dimen151
\caption@tempdima=\dimen152
\caption@indent=\dimen153
\caption@parindent=\dimen154
\caption@hangindent=\dimen155
Package caption Info: Standard document class detected.
)
\c@caption@flags=\count188
\c@continuedfloat=\count189
)
("C:\Users\JD\AppData\Local\Programs\MiKTeX 2.9\tex/latex/graphics\graphicx.sty
"
Package: graphicx 2019/11/30 v1.2a Enhanced LaTeX Graphics (DPC,SPQR)

("C:\Users\JD\AppData\Local\Programs\MiKTeX 2.9\tex/latex/graphics\graphics.sty
"
Package: graphics 2019/11/30 v1.4a Standard LaTeX Graphics (DPC,SPQR)
 ("C:\Users\JD\AppData\Local\Programs\MiKTeX 2.9\tex/latex/graphics\trig.sty"
Package: trig 2016/01/03 v1.10 sin cos tan (DPC)
)
("C:\Users\JD\AppData\Local\Programs\MiKTeX 2.9\tex/latex/graphics-cfg\graphics
.cfg"
File: graphics.cfg 2016/06/04 v1.11 sample graphics configuration
)
Package graphics Info: Driver file: pdftex.def on input line 105.

("C:\Users\JD\AppData\Local\Programs\MiKTeX 2.9\tex/latex/graphics-def\pdftex.d
ef"
File: pdftex.def 2018/01/08 v1.0l Graphics/color driver for pdftex
))
\Gin@req@height=\dimen156
\Gin@req@width=\dimen157
)
("C:\Users\JD\AppData\Local\Programs\MiKTeX 2.9\tex/latex/epstopdf-pkg\epstopdf
.sty"
Package: epstopdf 2020-01-24 v2.11 Conversion with epstopdf on the fly (HO)

("C:\Users\JD\AppData\Local\Programs\MiKTeX 2.9\tex/generic/infwarerr\infwarerr
.sty"
Package: infwarerr 2019/12/03 v1.5 Providing info/warning/error messages (HO)
)
("C:\Users\JD\AppData\Local\Programs\MiKTeX 2.9\tex/latex/grfext\grfext.sty"
Package: grfext 2019/12/03 v1.3 Manage graphics extensions (HO)

("C:\Users\JD\AppData\Local\Programs\MiKTeX 2.9\tex/generic/kvdefinekeys\kvdefi
nekeys.sty"
Package: kvdefinekeys 2019-12-19 v1.6 Define keys (HO)
))
("C:\Users\JD\AppData\Local\Programs\MiKTeX 2.9\tex/latex/kvoptions\kvoptions.s
ty"
Package: kvoptions 2019/11/29 v3.13 Key value format for package options (HO)

("C:\Users\JD\AppData\Local\Programs\MiKTeX 2.9\tex/generic/ltxcmds\ltxcmds.sty
"
Package: ltxcmds 2019/12/15 v1.24 LaTeX kernel commands for general use (HO)
)
("C:\Users\JD\AppData\Local\Programs\MiKTeX 2.9\tex/generic/kvsetkeys\kvsetkeys
.sty"
Package: kvsetkeys 2019/12/15 v1.18 Key value parser (HO)
))
("C:\Users\JD\AppData\Local\Programs\MiKTeX 2.9\tex/latex/pdftexcmds\pdftexcmds
.sty"
Package: pdftexcmds 2019/11/24 v0.31 Utility functions of pdfTeX for LuaTeX (HO
)

("C:\Users\JD\AppData\Local\Programs\MiKTeX 2.9\tex/generic/iftex\iftex.sty"
Package: iftex 2020/03/06 v1.0d TeX engine tests
)
Package pdftexcmds Info: \pdf@primitive is available.
Package pdftexcmds Info: \pdf@ifprimitive is available.
Package pdftexcmds Info: \pdfdraftmode found.
)
("C:\Users\JD\AppData\Local\Programs\MiKTeX 2.9\tex/latex/epstopdf-pkg\epstopdf
-base.sty"
Package: epstopdf-base 2020-01-24 v2.11 Base part for package epstopdf
Package epstopdf-base Info: Redefining graphics rule for `.eps' on input line 4
85.
Package grfext Info: Graphics extension search list:
(grfext)             [.pdf,.png,.jpg,.mps,.jpeg,.jbig2,.jb2,.PDF,.PNG,.JPG,.JPE
G,.JBIG2,.JB2,.eps]
(grfext)             \AppendGraphicsExtensions on input line 504.
))
("C:\Users\JD\AppData\Local\Programs\MiKTeX 2.9\tex/latex/subfig\subfig.sty"
Package: subfig 2005/06/28 ver: 1.3 subfig package
\c@KVtest=\count190
\sf@farskip=\skip64
\sf@captopadj=\dimen158
\sf@capskip=\skip65
\sf@nearskip=\skip66
\c@subfigure=\count191
\c@subfigure@save=\count192
\c@lofdepth=\count193
\c@subtable=\count194
\c@subtable@save=\count195
\c@lotdepth=\count196
\sf@top=\skip67
\sf@bottom=\skip68
)
("C:\Users\JD\AppData\Local\Programs\MiKTeX 2.9\tex/latex/booktabs\booktabs.sty
"
Package: booktabs 2020/01/12 v1.61803398 Publication quality tables
\heavyrulewidth=\dimen159
\lightrulewidth=\dimen160
\cmidrulewidth=\dimen161
\belowrulesep=\dimen162
\belowbottomsep=\dimen163
\aboverulesep=\dimen164
\abovetopsep=\dimen165
\cmidrulesep=\dimen166
\cmidrulekern=\dimen167
\defaultaddspace=\dimen168
\@cmidla=\count197
\@cmidlb=\count198
\@aboverulesep=\dimen169
\@belowrulesep=\dimen170
\@thisruleclass=\count199
\@lastruleclass=\count266
\@thisrulewidth=\dimen171
)
("C:\Users\JD\AppData\Local\Programs\MiKTeX 2.9\tex/latex/graphics\rotating.sty
"
Package: rotating 2016/08/11 v2.16d rotated objects in LaTeX
\c@r@tfl@t=\count267
\rotFPtop=\skip69
\rotFPbot=\skip70
\rot@float@box=\box47
\rot@mess@toks=\toks28
)
("C:\Users\JD\AppData\Local\Programs\MiKTeX 2.9\tex/latex/listings\listings.sty
"
\lst@mode=\count268
\lst@gtempboxa=\box48
\lst@token=\toks29
\lst@length=\count269
\lst@currlwidth=\dimen172
\lst@column=\count270
\lst@pos=\count271
\lst@lostspace=\dimen173
\lst@width=\dimen174
\lst@newlines=\count272
\lst@lineno=\count273
\lst@maxwidth=\dimen175
 ("C:\Users\JD\AppData\Local\Programs\MiKTeX 2.9\tex/latex/listings\lstmisc.sty
"
File: lstmisc.sty 2020/03/24 1.8d (Carsten Heinz)
\c@lstnumber=\count274
\lst@skipnumbers=\count275
\lst@framebox=\box49
)
("C:\Users\JD\AppData\Local\Programs\MiKTeX 2.9\tex/latex/listings\listings.cfg
"
File: listings.cfg 2020/03/24 1.8d listings configuration
))
Package: listings 2020/03/24 1.8d (Carsten Heinz)
 ("C:\Users\JD\AppData\Local\Programs\MiKTeX 2.9\tex/latex/graphics\color.sty"
Package: color 2019/11/23 v1.2a Standard LaTeX Color (DPC)

("C:\Users\JD\AppData\Local\Programs\MiKTeX 2.9\tex/latex/graphics-cfg\color.cf
g"
File: color.cfg 2016/01/02 v1.6 sample color configuration
)
Package color Info: Driver file: pdftex.def on input line 147.
) ("C:\Users\JD\AppData\Local\Programs\MiKTeX 2.9\tex/latex/xcolor\xcolor.sty"
Package: xcolor 2016/05/11 v2.12 LaTeX color extensions (UK)

("C:\Users\JD\AppData\Local\Programs\MiKTeX 2.9\tex/latex/graphics-cfg\color.cf
g"
File: color.cfg 2016/01/02 v1.6 sample color configuration
)
Package xcolor Info: Package option `usenames' ignored on input line 216.
Package xcolor Info: Driver file: pdftex.def on input line 225.
LaTeX Info: Redefining \color on input line 709.
Package xcolor Info: Model `cmy' substituted by `cmy0' on input line 1348.
Package xcolor Info: Model `hsb' substituted by `rgb' on input line 1352.
Package xcolor Info: Model `RGB' extended on input line 1364.
Package xcolor Info: Model `HTML' substituted by `rgb' on input line 1366.
Package xcolor Info: Model `Hsb' substituted by `hsb' on input line 1367.
Package xcolor Info: Model `tHsb' substituted by `hsb' on input line 1368.
Package xcolor Info: Model `HSB' substituted by `hsb' on input line 1369.
Package xcolor Info: Model `Gray' substituted by `gray' on input line 1370.
Package xcolor Info: Model `wave' substituted by `hsb' on input line 1371.

("C:\Users\JD\AppData\Local\Programs\MiKTeX 2.9\tex/latex/graphics\dvipsnam.def
"
File: dvipsnam.def 2016/06/17 v3.0m Driver-dependent file (DPC,SPQR)
))
("C:\Users\JD\AppData\Local\Programs\MiKTeX 2.9\tex/latex/tocloft\tocloft.sty"
Package: tocloft 2017/08/31 v2.3i parameterised ToC, etc., typesetting
Package tocloft Info: The document has chapter divisions on input line 51.
\cftparskip=\skip71
\cftbeforetoctitleskip=\skip72
\cftaftertoctitleskip=\skip73
\cftbeforepartskip=\skip74
\cftpartnumwidth=\skip75
\cftpartindent=\skip76
\cftbeforechapskip=\skip77
\cftchapindent=\skip78
\cftchapnumwidth=\skip79
\cftbeforesecskip=\skip80
\cftsecindent=\skip81
\cftsecnumwidth=\skip82
\cftbeforesubsecskip=\skip83
\cftsubsecindent=\skip84
\cftsubsecnumwidth=\skip85
\cftbeforesubsubsecskip=\skip86
\cftsubsubsecindent=\skip87
\cftsubsubsecnumwidth=\skip88
\cftbeforeparaskip=\skip89
\cftparaindent=\skip90
\cftparanumwidth=\skip91
\cftbeforesubparaskip=\skip92
\cftsubparaindent=\skip93
\cftsubparanumwidth=\skip94
\cftbeforeloftitleskip=\skip95
\cftafterloftitleskip=\skip96
\cftbeforefigskip=\skip97
\cftfigindent=\skip98
\cftfignumwidth=\skip99
\cftbeforelottitleskip=\skip100
\cftafterlottitleskip=\skip101
\cftbeforetabskip=\skip102
\cfttabindent=\skip103
\cfttabnumwidth=\skip104
\cftbeforesubfigskip=\skip105
\cftsubfigindent=\skip106
\cftsubfignumwidth=\skip107
\cftbeforesubtabskip=\skip108
\cftsubtabindent=\skip109
\cftsubtabnumwidth=\skip110
) ("C:\Users\JD\AppData\Local\Programs\MiKTeX 2.9\tex/latex/hyperref\hyperref.s
ty"
Package: hyperref 2020/01/14 v7.00d Hypertext links for LaTeX

("C:\Users\JD\AppData\Local\Programs\MiKTeX 2.9\tex/generic/pdfescape\pdfescape
.sty"
Package: pdfescape 2019/12/09 v1.15 Implements pdfTeX's escape features (HO)
)
("C:\Users\JD\AppData\Local\Programs\MiKTeX 2.9\tex/latex/hycolor\hycolor.sty"
Package: hycolor 2020-01-27 v1.10 Color options for hyperref/bookmark (HO)
)
("C:\Users\JD\AppData\Local\Programs\MiKTeX 2.9\tex/latex/letltxmacro\letltxmac
ro.sty"
Package: letltxmacro 2019/12/03 v1.6 Let assignment for LaTeX macros (HO)
)
("C:\Users\JD\AppData\Local\Programs\MiKTeX 2.9\tex/latex/auxhook\auxhook.sty"
Package: auxhook 2019-12-17 v1.6 Hooks for auxiliary files (HO)
)
\@linkdim=\dimen176
\Hy@linkcounter=\count276
\Hy@pagecounter=\count277
("C:\Users\JD\AppData\Local\Programs\MiKTeX 2.9\tex/latex/hyperref\pd1enc.def"
File: pd1enc.def 2020/01/14 v7.00d Hyperref: PDFDocEncoding definition (HO)
Now handling font encoding PD1 ...
... no UTF-8 mapping file for font encoding PD1
) ("C:\Users\JD\AppData\Local\Programs\MiKTeX 2.9\tex/generic/intcalc\intcalc.s
ty"
Package: intcalc 2019/12/15 v1.3 Expandable calculations with integers (HO)
)
("C:\Users\JD\AppData\Local\Programs\MiKTeX 2.9\tex/generic/etexcmds\etexcmds.s
ty"
Package: etexcmds 2019/12/15 v1.7 Avoid name clashes with e-TeX commands (HO)
)
\Hy@SavedSpaceFactor=\count278
Package hyperref Info: Option `bookmarks' set `true' on input line 4421.
Package hyperref Info: Option `bookmarksnumbered' set `true' on input line 4421
.
Package hyperref Info: Option `hypertexnames' set `false' on input line 4421.
Package hyperref Info: Option `colorlinks' set `true' on input line 4421.
Package hyperref Info: Option `unicode' set `true' on input line 4421.

("C:\Users\JD\AppData\Local\Programs\MiKTeX 2.9\tex/latex/hyperref\puenc.def"
File: puenc.def 2020/01/14 v7.00d Hyperref: PDF Unicode definition (HO)
Now handling font encoding PU ...
... no UTF-8 mapping file for font encoding PU
)
Package hyperref Info: Option `breaklinks' set `true' on input line 4421.
Package hyperref Info: Option `bookmarksopen' set `true' on input line 4421.
Package hyperref Info: Hyper figures OFF on input line 4547.
Package hyperref Info: Link nesting OFF on input line 4552.
Package hyperref Info: Hyper index ON on input line 4555.
Package hyperref Info: Plain pages OFF on input line 4562.
Package hyperref Info: Backreferencing OFF on input line 4567.
Package hyperref Info: Implicit mode ON; LaTeX internals redefined.
Package hyperref Info: Bookmarks ON on input line 4800.
\c@Hy@tempcnt=\count279

("C:\Users\JD\AppData\Local\Programs\MiKTeX 2.9\tex/latex/url\url.sty"
\Urlmuskip=\muskip17
Package: url 2013/09/16  ver 3.4  Verb mode for urls, etc.
)
LaTeX Info: Redefining \url on input line 5159.
\XeTeXLinkMargin=\dimen177

("C:\Users\JD\AppData\Local\Programs\MiKTeX 2.9\tex/generic/bitset\bitset.sty"
Package: bitset 2019/12/09 v1.3 Handle bit-vector datatype (HO)

("C:\Users\JD\AppData\Local\Programs\MiKTeX 2.9\tex/generic/bigintcalc\bigintca
lc.sty"
Package: bigintcalc 2019/12/15 v1.5 Expandable calculations on big integers (HO
)
))
\Fld@menulength=\count280
\Field@Width=\dimen178
\Fld@charsize=\dimen179
Package hyperref Info: Hyper figures OFF on input line 6430.
Package hyperref Info: Link nesting OFF on input line 6435.
Package hyperref Info: Hyper index ON on input line 6438.
Package hyperref Info: backreferencing OFF on input line 6445.
Package hyperref Info: Link coloring ON on input line 6448.
Package hyperref Info: Link coloring with OCG OFF on input line 6455.
Package hyperref Info: PDF/A mode OFF on input line 6460.
LaTeX Info: Redefining \ref on input line 6500.
LaTeX Info: Redefining \pageref on input line 6504.

("C:\Users\JD\AppData\Local\Programs\MiKTeX 2.9\tex/generic/atbegshi\atbegshi.s
ty"
Package: atbegshi 2019/12/05 v1.19 At begin shipout hook (HO)
)
\Hy@abspage=\count281
\c@Item=\count282
\c@Hfootnote=\count283
)
Package hyperref Info: Driver (autodetected): hpdftex.

("C:\Users\JD\AppData\Local\Programs\MiKTeX 2.9\tex/latex/hyperref\hpdftex.def"
File: hpdftex.def 2020/01/14 v7.00d Hyperref driver for pdfTeX

("C:\Users\JD\AppData\Local\Programs\MiKTeX 2.9\tex/latex/atveryend\atveryend.s
ty"
Package: atveryend 2019-12-11 v1.11 Hooks at the very end of document (HO)
Package atveryend Info: \enddocument detected (standard20110627).
)
\Fld@listcount=\count284
\c@bookmark@seq@number=\count285

("C:\Users\JD\AppData\Local\Programs\MiKTeX 2.9\tex/latex/rerunfilecheck\rerunf
ilecheck.sty"
Package: rerunfilecheck 2019/12/05 v1.9 Rerun checks for auxiliary files (HO)

("C:\Users\JD\AppData\Local\Programs\MiKTeX 2.9\tex/generic/uniquecounter\uniqu
ecounter.sty"
Package: uniquecounter 2019/12/15 v1.4 Provide unlimited unique counter (HO)
)
Package uniquecounter Info: New unique counter `rerunfilecheck' on input line 2
86.
)
\Hy@SectionHShift=\skip111
))
("C:\Users\JD\AppData\Local\Programs\MiKTeX 2.9\tex/latex/natbib\natbib.sty"
Package: natbib 2010/09/13 8.31b (PWD, AO)
\bibhang=\skip112
\bibsep=\skip113
LaTeX Info: Redefining \cite on input line 694.
\c@NAT@ctr=\count286
)
("C:\Users\JD\AppData\Local\Programs\MiKTeX 2.9\tex/latex/tools\verbatim.sty"
Package: verbatim 2019/11/10 v1.5r LaTeX2e package for verbatim enhancements
\every@verbatim=\toks30
\verbatim@line=\toks31
\verbatim@in@stream=\read2
)
("C:\Users\JD\AppData\Local\Programs\MiKTeX 2.9\tex/latex/verbatimbox\verbatimb
ox.sty"
Package: verbatimbox 2014/03/12 v3.13 Routines for placing verbatim text into b
oxes, useful in places where the verbatim environment is inaccessible. Secondar
ily, for adding vertical buffer around an object.

("C:\Users\JD\AppData\Local\Programs\MiKTeX 2.9\tex/latex/readarray\readarray.s
ty"
Package: readarray 2016/11/07\ 2.0\ Routines for inputting 2D and 3D array data
 and recalling it on an element-by-element basis.

("C:\Users\JD\AppData\Local\Programs\MiKTeX 2.9\tex/latex/listofitems\listofite
ms.sty"
("C:\Users\JD\AppData\Local\Programs\MiKTeX 2.9\tex/generic/listofitems\listofi
tems.tex"
\loi_cnt_foreach_nest=\count287
\loi_nestcnt=\count288
)
Package: listofitems 2019/08/21 v1.63 Grab items in lists using user-specified 
sep char (CT)
)
\c@@index=\count289
\c@@plane=\count290
\c@@row=\count291
\c@@col=\count292
\c@use@args=\count293
\c@@record=\count294
\c@arg@index=\count295
\c@break@count=\count296
\c@index@count=\count297
\c@loop@count=\count298
\Arg@toks=\toks32
\@arrayident@toks=\toks33
\rdar@file=\read3

readarray: bounds checking OFF
)
\savedverbbox=\box50
\c@VerbboxLineNo=\count299
\boxtopsep=\dimen180
\boxbottomsep=\dimen181
\ps@tempdima=\dimen182
\ps@tempboxa=\box51
\boxtop@sep=\skip114
\boxbottom@sep=\skip115
) ("C:\Users\JD\AppData\Local\Programs\MiKTeX 2.9\tex/latex/tools\tabularx.sty"
Package: tabularx 2020/01/15 v2.11c `tabularx' package (DPC)
 ("C:\Users\JD\AppData\Local\Programs\MiKTeX 2.9\tex/latex/tools\array.sty"
Package: array 2019/08/31 v2.4l Tabular extension package (FMi)
\col@sep=\dimen183
\ar@mcellbox=\box52
\extrarowheight=\dimen184
\NC@list=\toks34
\extratabsurround=\skip116
\backup@length=\skip117
\ar@cellbox=\box53
)
\TX@col@width=\dimen185
\TX@old@table=\dimen186
\TX@old@col=\dimen187
\TX@target=\dimen188
\TX@delta=\dimen189
\TX@cols=\count300
\TX@ftn=\toks35
)
("C:\Users\JD\AppData\Local\Programs\MiKTeX 2.9\tex/latex/multirow\multirow.sty
"
Package: multirow 2021/03/15 v2.8 Span multiple rows of a table
\multirow@colwidth=\skip118
\multirow@cntb=\count301
\multirow@dima=\skip119
\bigstrutjot=\dimen190
) ("C:\Users\JD\AppData\Local\Programs\MiKTeX 2.9\tex/latex/wrapfig\wrapfig.sty
"
\wrapoverhang=\dimen191
\WF@size=\dimen192
\c@WF@wrappedlines=\count302
\WF@box=\box54
\WF@everypar=\toks36
Package: wrapfig 2003/01/31  v 3.6
) ("C:\Users\JD\AppData\Local\Programs\MiKTeX 2.9\tex/latex/framed\framed.sty"
Package: framed 2011/10/22 v 0.96: framed or shaded text with page breaks
\OuterFrameSep=\skip120
\fb@frw=\dimen193
\fb@frh=\dimen194
\FrameRule=\dimen195
\FrameSep=\dimen196
)
("C:\Users\JD\AppData\Local\Programs\MiKTeX 2.9\tex/latex/stmaryrd\stmaryrd.sty
"
Package: stmaryrd 1994/03/03 St Mary's Road symbol package
\symstmry=\mathgroup6
LaTeX Font Info:    Overwriting symbol font `stmry' in version `bold'
(Font)                  U/stmry/m/n --> U/stmry/b/n on input line 89.
)
("C:\Users\JD\AppData\Local\Programs\MiKTeX 2.9\tex/latex/todonotes\todonotes.s
ty"
Package: todonotes 2021/04/26 v1.1.4 Todonotes source and documentation.
Package: todonotes 2018/11/22

("C:\Users\JD\AppData\Local\Programs\MiKTeX 2.9\tex/latex/xkeyval\xkeyval.sty"
Package: xkeyval 2014/12/03 v2.7a package option processing (HA)

("C:\Users\JD\AppData\Local\Programs\MiKTeX 2.9\tex/generic/xkeyval\xkeyval.tex
"
("C:\Users\JD\AppData\Local\Programs\MiKTeX 2.9\tex/generic/xkeyval\xkvutils.te
x"
\XKV@toks=\toks37
\XKV@tempa@toks=\toks38
)
\XKV@depth=\count303
File: xkeyval.tex 2014/12/03 v2.7a key=value parser (HA)
))
("C:\Users\JD\AppData\Local\Programs\MiKTeX 2.9\tex/latex/pgf/frontendlayer\tik
z.sty"
("C:\Users\JD\AppData\Local\Programs\MiKTeX 2.9\tex/latex/pgf/basiclayer\pgf.st
y"
("C:\Users\JD\AppData\Local\Programs\MiKTeX 2.9\tex/latex/pgf/utilities\pgfrcs.
sty"
("C:\Users\JD\AppData\Local\Programs\MiKTeX 2.9\tex/generic/pgf/utilities\pgfut
il-common.tex"
\pgfutil@everybye=\toks39
\pgfutil@tempdima=\dimen197
\pgfutil@tempdimb=\dimen198

("C:\Users\JD\AppData\Local\Programs\MiKTeX 2.9\tex/generic/pgf/utilities\pgfut
il-common-lists.tex"))
("C:\Users\JD\AppData\Local\Programs\MiKTeX 2.9\tex/generic/pgf/utilities\pgfut
il-latex.def"
\pgfutil@abb=\box55

("C:\Users\JD\AppData\Local\Programs\MiKTeX 2.9\tex/latex/ms\everyshi.sty"
Package: everyshi 2001/05/15 v3.00 EveryShipout Package (MS)
))
("C:\Users\JD\AppData\Local\Programs\MiKTeX 2.9\tex/generic/pgf/utilities\pgfrc
s.code.tex"
("C:\Users\JD\AppData\Local\Programs\MiKTeX 2.9\tex/generic/pgf\pgf.revision.te
x")
Package: pgfrcs 2020/01/08 v3.1.5b (3.1.5b)
))
Package: pgf 2020/01/08 v3.1.5b (3.1.5b)

("C:\Users\JD\AppData\Local\Programs\MiKTeX 2.9\tex/latex/pgf/basiclayer\pgfcor
e.sty"
("C:\Users\JD\AppData\Local\Programs\MiKTeX 2.9\tex/latex/pgf/systemlayer\pgfsy
s.sty"
("C:\Users\JD\AppData\Local\Programs\MiKTeX 2.9\tex/generic/pgf/systemlayer\pgf
sys.code.tex"
Package: pgfsys 2020/01/08 v3.1.5b (3.1.5b)

("C:\Users\JD\AppData\Local\Programs\MiKTeX 2.9\tex/generic/pgf/utilities\pgfke
ys.code.tex"
\pgfkeys@pathtoks=\toks40
\pgfkeys@temptoks=\toks41

("C:\Users\JD\AppData\Local\Programs\MiKTeX 2.9\tex/generic/pgf/utilities\pgfke
ysfiltered.code.tex"
\pgfkeys@tmptoks=\toks42
))
\pgf@x=\dimen199
\pgf@y=\dimen256
\pgf@xa=\dimen257
\pgf@ya=\dimen258
\pgf@xb=\dimen259
\pgf@yb=\dimen260
\pgf@xc=\dimen261
\pgf@yc=\dimen262
\pgf@xd=\dimen263
\pgf@yd=\dimen264
\w@pgf@writea=\write3
\r@pgf@reada=\read4
\c@pgf@counta=\count304
\c@pgf@countb=\count305
\c@pgf@countc=\count306
\c@pgf@countd=\count307
\t@pgf@toka=\toks43
\t@pgf@tokb=\toks44
\t@pgf@tokc=\toks45
\pgf@sys@id@count=\count308

("C:\Users\JD\AppData\Local\Programs\MiKTeX 2.9\tex/generic/pgf/systemlayer\pgf
.cfg"
File: pgf.cfg 2020/01/08 v3.1.5b (3.1.5b)
)
Driver file for pgf: pgfsys-pdftex.def

("C:\Users\JD\AppData\Local\Programs\MiKTeX 2.9\tex/generic/pgf/systemlayer\pgf
sys-pdftex.def"
File: pgfsys-pdftex.def 2020/01/08 v3.1.5b (3.1.5b)

("C:\Users\JD\AppData\Local\Programs\MiKTeX 2.9\tex/generic/pgf/systemlayer\pgf
sys-common-pdf.def"
File: pgfsys-common-pdf.def 2020/01/08 v3.1.5b (3.1.5b)
)))
("C:\Users\JD\AppData\Local\Programs\MiKTeX 2.9\tex/generic/pgf/systemlayer\pgf
syssoftpath.code.tex"
File: pgfsyssoftpath.code.tex 2020/01/08 v3.1.5b (3.1.5b)
\pgfsyssoftpath@smallbuffer@items=\count309
\pgfsyssoftpath@bigbuffer@items=\count310
)
("C:\Users\JD\AppData\Local\Programs\MiKTeX 2.9\tex/generic/pgf/systemlayer\pgf
sysprotocol.code.tex"
File: pgfsysprotocol.code.tex 2020/01/08 v3.1.5b (3.1.5b)
))
("C:\Users\JD\AppData\Local\Programs\MiKTeX 2.9\tex/generic/pgf/basiclayer\pgfc
ore.code.tex"
Package: pgfcore 2020/01/08 v3.1.5b (3.1.5b)

("C:\Users\JD\AppData\Local\Programs\MiKTeX 2.9\tex/generic/pgf/math\pgfmath.co
de.tex"
("C:\Users\JD\AppData\Local\Programs\MiKTeX 2.9\tex/generic/pgf/math\pgfmathcal
c.code.tex"
("C:\Users\JD\AppData\Local\Programs\MiKTeX 2.9\tex/generic/pgf/math\pgfmathuti
l.code.tex")
("C:\Users\JD\AppData\Local\Programs\MiKTeX 2.9\tex/generic/pgf/math\pgfmathpar
ser.code.tex"
\pgfmath@dimen=\dimen265
\pgfmath@count=\count311
\pgfmath@box=\box56
\pgfmath@toks=\toks46
\pgfmath@stack@operand=\toks47
\pgfmath@stack@operation=\toks48
)
("C:\Users\JD\AppData\Local\Programs\MiKTeX 2.9\tex/generic/pgf/math\pgfmathfun
ctions.code.tex"
("C:\Users\JD\AppData\Local\Programs\MiKTeX 2.9\tex/generic/pgf/math\pgfmathfun
ctions.basic.code.tex")
("C:\Users\JD\AppData\Local\Programs\MiKTeX 2.9\tex/generic/pgf/math\pgfmathfun
ctions.trigonometric.code.tex")
("C:\Users\JD\AppData\Local\Programs\MiKTeX 2.9\tex/generic/pgf/math\pgfmathfun
ctions.random.code.tex")
("C:\Users\JD\AppData\Local\Programs\MiKTeX 2.9\tex/generic/pgf/math\pgfmathfun
ctions.comparison.code.tex")
("C:\Users\JD\AppData\Local\Programs\MiKTeX 2.9\tex/generic/pgf/math\pgfmathfun
ctions.base.code.tex")
("C:\Users\JD\AppData\Local\Programs\MiKTeX 2.9\tex/generic/pgf/math\pgfmathfun
ctions.round.code.tex")
("C:\Users\JD\AppData\Local\Programs\MiKTeX 2.9\tex/generic/pgf/math\pgfmathfun
ctions.misc.code.tex")
("C:\Users\JD\AppData\Local\Programs\MiKTeX 2.9\tex/generic/pgf/math\pgfmathfun
ctions.integerarithmetics.code.tex")))
("C:\Users\JD\AppData\Local\Programs\MiKTeX 2.9\tex/generic/pgf/math\pgfmathflo
at.code.tex"
\c@pgfmathroundto@lastzeros=\count312
))
("C:\Users\JD\AppData\Local\Programs\MiKTeX 2.9\tex/generic/pgf/math\pgfint.cod
e.tex")
("C:\Users\JD\AppData\Local\Programs\MiKTeX 2.9\tex/generic/pgf/basiclayer\pgfc
orepoints.code.tex"
File: pgfcorepoints.code.tex 2020/01/08 v3.1.5b (3.1.5b)
\pgf@picminx=\dimen266
\pgf@picmaxx=\dimen267
\pgf@picminy=\dimen268
\pgf@picmaxy=\dimen269
\pgf@pathminx=\dimen270
\pgf@pathmaxx=\dimen271
\pgf@pathminy=\dimen272
\pgf@pathmaxy=\dimen273
\pgf@xx=\dimen274
\pgf@xy=\dimen275
\pgf@yx=\dimen276
\pgf@yy=\dimen277
\pgf@zx=\dimen278
\pgf@zy=\dimen279
)
("C:\Users\JD\AppData\Local\Programs\MiKTeX 2.9\tex/generic/pgf/basiclayer\pgfc
orepathconstruct.code.tex"
File: pgfcorepathconstruct.code.tex 2020/01/08 v3.1.5b (3.1.5b)
\pgf@path@lastx=\dimen280
\pgf@path@lasty=\dimen281
)
("C:\Users\JD\AppData\Local\Programs\MiKTeX 2.9\tex/generic/pgf/basiclayer\pgfc
orepathusage.code.tex"
File: pgfcorepathusage.code.tex 2020/01/08 v3.1.5b (3.1.5b)
\pgf@shorten@end@additional=\dimen282
\pgf@shorten@start@additional=\dimen283
)
("C:\Users\JD\AppData\Local\Programs\MiKTeX 2.9\tex/generic/pgf/basiclayer\pgfc
orescopes.code.tex"
File: pgfcorescopes.code.tex 2020/01/08 v3.1.5b (3.1.5b)
\pgfpic=\box57
\pgf@hbox=\box58
\pgf@layerbox@main=\box59
\pgf@picture@serial@count=\count313
)
("C:\Users\JD\AppData\Local\Programs\MiKTeX 2.9\tex/generic/pgf/basiclayer\pgfc
oregraphicstate.code.tex"
File: pgfcoregraphicstate.code.tex 2020/01/08 v3.1.5b (3.1.5b)
\pgflinewidth=\dimen284
)
("C:\Users\JD\AppData\Local\Programs\MiKTeX 2.9\tex/generic/pgf/basiclayer\pgfc
oretransformations.code.tex"
File: pgfcoretransformations.code.tex 2020/01/08 v3.1.5b (3.1.5b)
\pgf@pt@x=\dimen285
\pgf@pt@y=\dimen286
\pgf@pt@temp=\dimen287
)
("C:\Users\JD\AppData\Local\Programs\MiKTeX 2.9\tex/generic/pgf/basiclayer\pgfc
orequick.code.tex"
File: pgfcorequick.code.tex 2020/01/08 v3.1.5b (3.1.5b)
)
("C:\Users\JD\AppData\Local\Programs\MiKTeX 2.9\tex/generic/pgf/basiclayer\pgfc
oreobjects.code.tex"
File: pgfcoreobjects.code.tex 2020/01/08 v3.1.5b (3.1.5b)
)
("C:\Users\JD\AppData\Local\Programs\MiKTeX 2.9\tex/generic/pgf/basiclayer\pgfc
orepathprocessing.code.tex"
File: pgfcorepathprocessing.code.tex 2020/01/08 v3.1.5b (3.1.5b)
)
("C:\Users\JD\AppData\Local\Programs\MiKTeX 2.9\tex/generic/pgf/basiclayer\pgfc
orearrows.code.tex"
File: pgfcorearrows.code.tex 2020/01/08 v3.1.5b (3.1.5b)
\pgfarrowsep=\dimen288
)
("C:\Users\JD\AppData\Local\Programs\MiKTeX 2.9\tex/generic/pgf/basiclayer\pgfc
oreshade.code.tex"
File: pgfcoreshade.code.tex 2020/01/08 v3.1.5b (3.1.5b)
\pgf@max=\dimen289
\pgf@sys@shading@range@num=\count314
\pgf@shadingcount=\count315
)
("C:\Users\JD\AppData\Local\Programs\MiKTeX 2.9\tex/generic/pgf/basiclayer\pgfc
oreimage.code.tex"
File: pgfcoreimage.code.tex 2020/01/08 v3.1.5b (3.1.5b)

("C:\Users\JD\AppData\Local\Programs\MiKTeX 2.9\tex/generic/pgf/basiclayer\pgfc
oreexternal.code.tex"
File: pgfcoreexternal.code.tex 2020/01/08 v3.1.5b (3.1.5b)
\pgfexternal@startupbox=\box60
))
("C:\Users\JD\AppData\Local\Programs\MiKTeX 2.9\tex/generic/pgf/basiclayer\pgfc
orelayers.code.tex"
File: pgfcorelayers.code.tex 2020/01/08 v3.1.5b (3.1.5b)
)
("C:\Users\JD\AppData\Local\Programs\MiKTeX 2.9\tex/generic/pgf/basiclayer\pgfc
oretransparency.code.tex"
File: pgfcoretransparency.code.tex 2020/01/08 v3.1.5b (3.1.5b)
)
("C:\Users\JD\AppData\Local\Programs\MiKTeX 2.9\tex/generic/pgf/basiclayer\pgfc
orepatterns.code.tex"
File: pgfcorepatterns.code.tex 2020/01/08 v3.1.5b (3.1.5b)
)
("C:\Users\JD\AppData\Local\Programs\MiKTeX 2.9\tex/generic/pgf/basiclayer\pgfc
orerdf.code.tex"
File: pgfcorerdf.code.tex 2020/01/08 v3.1.5b (3.1.5b)
)))
("C:\Users\JD\AppData\Local\Programs\MiKTeX 2.9\tex/generic/pgf/modules\pgfmodu
leshapes.code.tex"
File: pgfmoduleshapes.code.tex 2020/01/08 v3.1.5b (3.1.5b)
\pgfnodeparttextbox=\box61
)
("C:\Users\JD\AppData\Local\Programs\MiKTeX 2.9\tex/generic/pgf/modules\pgfmodu
leplot.code.tex"
File: pgfmoduleplot.code.tex 2020/01/08 v3.1.5b (3.1.5b)
)
("C:\Users\JD\AppData\Local\Programs\MiKTeX 2.9\tex/latex/pgf/compatibility\pgf
comp-version-0-65.sty"
Package: pgfcomp-version-0-65 2020/01/08 v3.1.5b (3.1.5b)
\pgf@nodesepstart=\dimen290
\pgf@nodesepend=\dimen291
)
("C:\Users\JD\AppData\Local\Programs\MiKTeX 2.9\tex/latex/pgf/compatibility\pgf
comp-version-1-18.sty"
Package: pgfcomp-version-1-18 2020/01/08 v3.1.5b (3.1.5b)
))
("C:\Users\JD\AppData\Local\Programs\MiKTeX 2.9\tex/latex/pgf/utilities\pgffor.
sty"
("C:\Users\JD\AppData\Local\Programs\MiKTeX 2.9\tex/latex/pgf/utilities\pgfkeys
.sty"
("C:\Users\JD\AppData\Local\Programs\MiKTeX 2.9\tex/generic/pgf/utilities\pgfke
ys.code.tex"))
("C:\Users\JD\AppData\Local\Programs\MiKTeX 2.9\tex/latex/pgf/math\pgfmath.sty"

("C:\Users\JD\AppData\Local\Programs\MiKTeX 2.9\tex/generic/pgf/math\pgfmath.co
de.tex"))
("C:\Users\JD\AppData\Local\Programs\MiKTeX 2.9\tex/generic/pgf/utilities\pgffo
r.code.tex"
Package: pgffor 2020/01/08 v3.1.5b (3.1.5b)

("C:\Users\JD\AppData\Local\Programs\MiKTeX 2.9\tex/generic/pgf/math\pgfmath.co
de.tex")
\pgffor@iter=\dimen292
\pgffor@skip=\dimen293
\pgffor@stack=\toks49
\pgffor@toks=\toks50
))
("C:\Users\JD\AppData\Local\Programs\MiKTeX 2.9\tex/generic/pgf/frontendlayer/t
ikz\tikz.code.tex"
Package: tikz 2020/01/08 v3.1.5b (3.1.5b)

("C:\Users\JD\AppData\Local\Programs\MiKTeX 2.9\tex/generic/pgf/libraries\pgfli
braryplothandlers.code.tex"
File: pgflibraryplothandlers.code.tex 2020/01/08 v3.1.5b (3.1.5b)
\pgf@plot@mark@count=\count316
\pgfplotmarksize=\dimen294
)
\tikz@lastx=\dimen295
\tikz@lasty=\dimen296
\tikz@lastxsaved=\dimen297
\tikz@lastysaved=\dimen298
\tikz@lastmovetox=\dimen299
\tikz@lastmovetoy=\dimen300
\tikzleveldistance=\dimen301
\tikzsiblingdistance=\dimen302
\tikz@figbox=\box62
\tikz@figbox@bg=\box63
\tikz@tempbox=\box64
\tikz@tempbox@bg=\box65
\tikztreelevel=\count317
\tikznumberofchildren=\count318
\tikznumberofcurrentchild=\count319
\tikz@fig@count=\count320

("C:\Users\JD\AppData\Local\Programs\MiKTeX 2.9\tex/generic/pgf/modules\pgfmodu
lematrix.code.tex"
File: pgfmodulematrix.code.tex 2020/01/08 v3.1.5b (3.1.5b)
\pgfmatrixcurrentrow=\count321
\pgfmatrixcurrentcolumn=\count322
\pgf@matrix@numberofcolumns=\count323
)
\tikz@expandcount=\count324

("C:\Users\JD\AppData\Local\Programs\MiKTeX 2.9\tex/generic/pgf/frontendlayer/t
ikz/libraries\tikzlibrarytopaths.code.tex"
File: tikzlibrarytopaths.code.tex 2020/01/08 v3.1.5b (3.1.5b)
)))
("C:\Users\JD\AppData\Local\Programs\MiKTeX 2.9\tex/generic/pgf/frontendlayer/t
ikz/libraries\tikzlibrarypositioning.code.tex"
File: tikzlibrarypositioning.code.tex 2020/01/08 v3.1.5b (3.1.5b)
)
("C:\Users\JD\AppData\Local\Programs\MiKTeX 2.9\tex/latex/tools\calc.sty"
Package: calc 2017/05/25 v4.3 Infix arithmetic (KKT,FJ)
\calc@Acount=\count325
\calc@Bcount=\count326
\calc@Adimen=\dimen303
\calc@Bdimen=\dimen304
\calc@Askip=\skip121
\calc@Bskip=\skip122
LaTeX Info: Redefining \setlength on input line 80.
LaTeX Info: Redefining \addtolength on input line 81.
\calc@Ccount=\count327
\calc@Cskip=\skip123
)
\c@@todonotes@numberoftodonotes=\count328
)
("C:\Users\JD\AppData\Local\Programs\MiKTeX 2.9\tex/latex/listings\lstlang1.sty
"
File: lstlang1.sty 2020/03/24 1.8d listings language file
)
("C:\Users\JD\AppData\Local\Programs\MiKTeX 2.9\tex/latex/listings\lstmisc.sty"
File: lstmisc.sty 2020/03/24 1.8d (Carsten Heinz)
) ("C:\Users\JD\AppData\Local\Programs\MiKTeX 2.9\tex/latex/tools\longtable.sty
"
Package: longtable 2020/01/07 v4.13 Multi-page Table package (DPC)
\LTleft=\skip124
\LTright=\skip125
\LTpre=\skip126
\LTpost=\skip127
\LTchunksize=\count329
\LTcapwidth=\dimen305
\LT@head=\box66
\LT@firsthead=\box67
\LT@foot=\box68
\LT@lastfoot=\box69
\LT@cols=\count330
\LT@rows=\count331
\c@LT@tables=\count332
\c@LT@chunks=\count333
\LT@p@ftn=\toks51
) ("C:\Users\JD\AppData\Local\Programs\MiKTeX 2.9\tex/latex/tools\multicol.sty"
Package: multicol 2019/12/09 v1.8y multicolumn formatting (FMi)
\c@tracingmulticols=\count334
\mult@box=\box70
\multicol@leftmargin=\dimen306
\c@unbalance=\count335
\c@collectmore=\count336
\doublecol@number=\count337
\multicoltolerance=\count338
\multicolpretolerance=\count339
\full@width=\dimen307
\page@free=\dimen308
\premulticols=\dimen309
\postmulticols=\dimen310
\multicolsep=\skip128
\multicolbaselineskip=\skip129
\partial@page=\box71
\last@line=\box72
\maxbalancingoverflow=\dimen311
\mult@rightbox=\box73
\mult@grightbox=\box74
\mult@gfirstbox=\box75
\mult@firstbox=\box76
\@tempa=\box77
\@tempa=\box78
\@tempa=\box79
\@tempa=\box80
\@tempa=\box81
\@tempa=\box82
\@tempa=\box83
\@tempa=\box84
\@tempa=\box85
\@tempa=\box86
\@tempa=\box87
\@tempa=\box88
\@tempa=\box89
\@tempa=\box90
\@tempa=\box91
\@tempa=\box92
\@tempa=\box93
\@tempa=\box94
\@tempa=\box95
\@tempa=\box96
\@tempa=\box97
\@tempa=\box98
\@tempa=\box99
\@tempa=\box100
\@tempa=\box101
\@tempa=\box102
\@tempa=\box103
\@tempa=\box104
\@tempa=\box105
\@tempa=\box106
\@tempa=\box107
\@tempa=\box108
\@tempa=\box109
\@tempa=\box110
\@tempa=\box111
\@tempa=\box112
\@tempa=\box113
\c@minrows=\count340
\c@columnbadness=\count341
\c@finalcolumnbadness=\count342
\last@try=\dimen312
\multicolovershoot=\dimen313
\multicolundershoot=\dimen314
\mult@nat@firstbox=\box114
\colbreak@box=\box115
\mc@col@check@num=\count343
) ("C:\Users\JD\AppData\Local\Programs\MiKTeX 2.9\tex/latex/float\float.sty"
Package: float 2001/11/08 v1.3d Float enhancements (AL)
\c@float@type=\count344
\float@exts=\toks52
\float@box=\box116
\@float@everytoks=\toks53
\@floatcapt=\box117
)
("C:\Users\JD\AppData\Local\Programs\MiKTeX 2.9\tex/latex/lipsum\lipsum.sty"
("C:\Users\JD\AppData\Local\Programs\MiKTeX 2.9\tex/latex/l3kernel\expl3.sty"
Package: expl3 2020-04-06 L3 programming layer (loader) 

("C:\Users\JD\AppData\Local\Programs\MiKTeX 2.9\tex/latex/l3backend\l3backend-p
dfmode.def"
File: l3backend-pdfmode.def 2020-03-12 L3 backend support: PDF mode
\l__kernel_color_stack_int=\count345
\l__pdf_internal_box=\box118
))
("C:\Users\JD\AppData\Local\Programs\MiKTeX 2.9\tex/latex/l3packages/xparse\xpa
rse.sty"
Package: xparse 2020-03-06 L3 Experimental document command parser
\l__xparse_current_arg_int=\count346
\g__xparse_grabber_int=\count347
\l__xparse_m_args_int=\count348
\l__xparse_v_nesting_int=\count349
)
Package: lipsum 2021-03-03 v2.3 150 paragraphs of Lorem Ipsum dummy text

("C:\Users\JD\AppData\Local\Programs\MiKTeX 2.9\tex/latex/lipsum\lipsum.ltd.tex
"
File: lipsum.ltd.tex 2021-03-03 v2.3 The Lorem ipsum dummy text
)) (Thesis.aux)
\openout1 = `Thesis.aux'.

LaTeX Font Info:    Checking defaults for OML/cmm/m/it on input line 49.
LaTeX Font Info:    ... okay on input line 49.
LaTeX Font Info:    Checking defaults for OMS/cmsy/m/n on input line 49.
LaTeX Font Info:    ... okay on input line 49.
LaTeX Font Info:    Checking defaults for OT1/cmr/m/n on input line 49.
LaTeX Font Info:    ... okay on input line 49.
LaTeX Font Info:    Checking defaults for T1/cmr/m/n on input line 49.
LaTeX Font Info:    ... okay on input line 49.
LaTeX Font Info:    Checking defaults for TS1/cmr/m/n on input line 49.
LaTeX Font Info:    ... okay on input line 49.
LaTeX Font Info:    Checking defaults for OMX/cmex/m/n on input line 49.
LaTeX Font Info:    ... okay on input line 49.
LaTeX Font Info:    Checking defaults for U/cmr/m/n on input line 49.
LaTeX Font Info:    ... okay on input line 49.
LaTeX Font Info:    Checking defaults for PD1/pdf/m/n on input line 49.
LaTeX Font Info:    ... okay on input line 49.
LaTeX Font Info:    Checking defaults for PU/pdf/m/n on input line 49.
LaTeX Font Info:    ... okay on input line 49.
Package caption Info: Begin \AtBeginDocument code.
Package caption Info: subfig package v1.3 is loaded.
Package caption Info: float package is loaded.
Package caption Info: hyperref package is loaded.
Package caption Info: listings package is loaded.
Package caption Info: longtable package is loaded.

("C:\Users\JD\AppData\Local\Programs\MiKTeX 2.9\tex/latex/caption\ltcaption.sty
"
Package: ltcaption 2018/08/26 v1.4a longtable captions (AR)
)
Package caption Info: rotating package is loaded.
Package caption Info: wrapfig package is loaded.
Package caption Info: End \AtBeginDocument code.

("C:\Users\JD\AppData\Local\Programs\MiKTeX 2.9\tex/context/base/mkii\supp-pdf.
mkii"
[Loading MPS to PDF converter (version 2006.09.02).]
\scratchcounter=\count350
\scratchdimen=\dimen315
\scratchbox=\box119
\nofMPsegments=\count351
\nofMParguments=\count352
\everyMPshowfont=\toks54
\MPscratchCnt=\count353
\MPscratchDim=\dimen316
\MPnumerator=\count354
\makeMPintoPDFobject=\count355
\everyMPtoPDFconversion=\toks55
)
\c@lstlisting=\count356
\AtBeginShipoutBox=\box120
Package hyperref Info: Link coloring ON on input line 49.
 ("C:\Users\JD\AppData\Local\Programs\MiKTeX 2.9\tex/latex/hyperref\nameref.sty
"
Package: nameref 2019/09/16 v2.46 Cross-referencing by name of section

("C:\Users\JD\AppData\Local\Programs\MiKTeX 2.9\tex/latex/refcount\refcount.sty
"
Package: refcount 2019/12/15 v3.6 Data extraction from label references (HO)
)
("C:\Users\JD\AppData\Local\Programs\MiKTeX 2.9\tex/generic/gettitlestring\gett
itlestring.sty"
Package: gettitlestring 2019/12/15 v1.6 Cleanup title references (HO)
)
\c@section@level=\count357
)
LaTeX Info: Redefining \ref on input line 49.
LaTeX Info: Redefining \pageref on input line 49.
LaTeX Info: Redefining \nameref on input line 49.
 (Thesis.out) (Thesis.out)
\@outlinefile=\write4
\openout4 = `Thesis.out'.


ABD: EveryShipout initializing macros
LaTeX Font Info:    Trying to load font information for U+msa on input line 67.


("C:\Users\JD\AppData\Local\Programs\MiKTeX 2.9\tex/latex/amsfonts\umsa.fd"
File: umsa.fd 2013/01/14 v3.01 AMS symbols A
)
LaTeX Font Info:    Trying to load font information for U+msb on input line 67.


("C:\Users\JD\AppData\Local\Programs\MiKTeX 2.9\tex/latex/amsfonts\umsb.fd"
File: umsb.fd 2013/01/14 v3.01 AMS symbols B
)
LaTeX Font Info:    Trying to load font information for U+stmry on input line 6
7.

("C:\Users\JD\AppData\Local\Programs\MiKTeX 2.9\tex/latex/stmaryrd\ustmry.fd")
[1



{C:/Users/JD/AppData/Local/MiKTeX/2.9/pdftex/config/pdftex.map}]
(Chapters/Abstract.tex

Package natbib Warning: Citation `shen2015statistical' on page ii undefined on 
input line 1.

) [2] (Thesis.toc [3

])
\tf@toc=\write5
\openout5 = `Thesis.toc'.

 [4]
Chapter 1.
(Chapters/Introduction.tex

Package natbib Warning: Citation `chen2011overview' on page 1 undefined on inpu
t line 2.


Package natbib Warning: Citation `yadav2016priority' on page 1 undefined on inp
ut line 4.


Package natbib Warning: Citation `alam2017reliability' on page 1 undefined on i
nput line 6.

[1


]

Package natbib Warning: Citation `duggan2017predicting' on page 2 undefined on 
input line 8.


Package natbib Warning: Citation `zharikov2020adaptive' on page 2 undefined on 
input line 8.


Package natbib Warning: Citation `duggan2017predicting' on page 2 undefined on 
input line 10.


Package natbib Warning: Citation `kumar2018workload' on page 2 undefined on inp
ut line 10.

) [2]
Chapter 2.
(Chapters/literaturereview.tex

Package natbib Warning: Citation `kumar2018workload' on page 3 undefined on inp
ut line 1.


Package natbib Warning: Citation `dinda2000host' on page 3 undefined on input l
ine 5.


Package natbib Warning: Citation `singh2019tasm' on page 3 undefined on input l
ine 7.


Package natbib Warning: Citation `vazquez2015time' on page 3 undefined on input
 line 7.

[3

]

Package natbib Warning: Citation `calheiros2014workload' on page 4 undefined on
 input line 9.


Package natbib Warning: Citation `zhu2019novel' on page 4 undefined on input li
ne 16.

[4]

Package natbib Warning: Citation `gupta2017resource' on page 5 undefined on inp
ut line 18.


Package natbib Warning: Citation `ouhame2021efficient' on page 5 undefined on i
nput line 21.


Package natbib Warning: Citation `shen2020host' on page 5 undefined on input li
ne 22.


Package natbib Warning: Citation `verma2015large' on page 5 undefined on input 
line 22.


Package natbib Warning: Citation `janardhanan2017cpu' on page 5 undefined on in
put line 23.

[5]
Underfull \hbox (badness 10000) in paragraph at lines 33--33
[]|\OT1/cmr/m/n/10.95 Prediction
 []


Underfull \hbox (badness 10000) in paragraph at lines 33--33
[]|\OT1/cmr/m/n/10.95 Preprocessing
 []


Underfull \hbox (badness 10000) in paragraph at lines 35--35
[]|\OT1/cmr/m/n/10.95 Attention
 []


Underfull \hbox (badness 10000) in paragraph at lines 35--35
\OT1/cmr/m/n/10.95 based
 []


Underfull \hbox (badness 10000) in paragraph at lines 35--35
\OT1/cmr/m/n/10.95 LSTM
 []


Underfull \hbox (badness 10000) in paragraph at lines 35--35
\OT1/cmr/m/n/10.95 encoder-
 []


Underfull \hbox (badness 10000) in paragraph at lines 35--35
[]|\OT1/cmr/m/n/10.95 Alibaba and
 []


Underfull \hbox (badness 10000) in paragraph at lines 35--35
\OT1/cmr/m/n/10.95 Dinda work-load
 []


Package natbib Warning: Citation `zhu2019novel' on page 6 undefined on input li
ne 35.


Underfull \hbox (badness 10000) in paragraph at lines 36--36
[]|\OT1/cmr/m/n/10.95 Bi-
 []


Underfull \hbox (badness 10000) in paragraph at lines 36--36
\OT1/cmr/m/n/10.95 Directional
 []


Underfull \hbox (badness 10000) in paragraph at lines 36--36
[]|\OT1/cmr/m/n/10.95 Google data
 []


Package natbib Warning: Citation `gupta2017resource' on page 6 undefined on inp
ut line 36.


Underfull \hbox (badness 10000) in paragraph at lines 37--37
[]|\OT1/cmr/m/n/10.95 CNN-
 []


Package natbib Warning: Citation `shen2020host' on page 6 undefined on input li
ne 37.


Package natbib Warning: Citation `verma2015large' on page 6 undefined on input 
line 38.


Package natbib Warning: Citation `janardhanan2017cpu' on page 6 undefined on in
put line 40.


Overfull \hbox (26.8837pt too wide) in paragraph at lines 31--46
 [][] 
 []

) [6]
Chapter 3.
(Chapters/Background.tex [7

]

LaTeX Warning: Command \textellipsis invalid in math mode on input line 25.


LaTeX Warning: Command \textellipsis invalid in math mode on input line 25.

[8]
<./Figures/VAR.png, id=216, 413.74574pt x 189.1065pt>
File: ./Figures/VAR.png Graphic file (type png)
<use ./Figures/VAR.png>
Package pdftex.def Info: ./Figures/VAR.png  used on input line 46.
(pdftex.def)             Requested size: 417.47307pt x 190.82002pt.
<./Figures/RNN.png, id=219, 821.0675pt x 337.26pt>
File: ./Figures/RNN.png Graphic file (type png)
<use ./Figures/RNN.png>
Package pdftex.def Info: ./Figures/RNN.png  used on input line 57.
(pdftex.def)             Requested size: 417.47307pt x 171.48056pt.


Package natbib Warning: Citation `lechner2020learning' on page 9 undefined on i
nput line 62.

[9 <./Figures/VAR.png>] [10 <./Figures/RNN.png>]
<./Figures/LSTM.png, id=234, 1094.0875pt x 419.5675pt>
File: ./Figures/LSTM.png Graphic file (type png)
<use ./Figures/LSTM.png>
Package pdftex.def Info: ./Figures/LSTM.png  used on input line 87.
(pdftex.def)             Requested size: 417.47307pt x 160.09671pt.


Package natbib Warning: Citation `sundermeyer2012lstm' on page 11 undefined on 
input line 94.

[11]
<./Figures/Bilstm.png, id=245, 305.64188pt x 233.37187pt>
File: ./Figures/Bilstm.png Graphic file (type png)
<use ./Figures/Bilstm.png>
Package pdftex.def Info: ./Figures/Bilstm.png  used on input line 102.
(pdftex.def)             Requested size: 417.47307pt x 318.77386pt.
) [12 <./Figures/LSTM.png>] [13 <./Figures/Bilstm.png>] [14

]
Chapter 4.
(Chapters/dataexpreiment.tex

Package natbib Warning: Citation `shen2015statistical' on page 15 undefined on 
input line 2.

[15]
<DV1.png, id=277, 986.68625pt x 526.96875pt>
File: DV1.png Graphic file (type png)
<use DV1.png>
Package pdftex.def Info: DV1.png  used on input line 31.
(pdftex.def)             Requested size: 417.47675pt x 142.26738pt.
<DV2.png, id=278, 986.68625pt x 526.96875pt>
File: DV2.png Graphic file (type png)
<use DV2.png>
Package pdftex.def Info: DV2.png  used on input line 35.
(pdftex.def)             Requested size: 417.47675pt x 142.26738pt.

Overfull \hbox (3.65367pt too wide) in paragraph at lines 35--36
[][] 
 []

<DV3.png, id=279, 986.68625pt x 526.96875pt>
File: DV3.png Graphic file (type png)
<use DV3.png>
Package pdftex.def Info: DV3.png  used on input line 45.
(pdftex.def)             Requested size: 417.47675pt x 142.26738pt.

Overfull \hbox (3.65367pt too wide) in paragraph at lines 45--46
[][] 
 []

<./Figures/DV4.png, id=280, 986.68625pt x 526.96875pt>
File: ./Figures/DV4.png Graphic file (type png)
<use ./Figures/DV4.png>
Package pdftex.def Info: ./Figures/DV4.png  used on input line 49.
(pdftex.def)             Requested size: 417.47675pt x 142.26738pt.

Overfull \hbox (3.65367pt too wide) in paragraph at lines 49--50
[][] 
 []

<./Figures/loadondays.png, id=281, 986.68625pt x 526.96875pt>
File: ./Figures/loadondays.png Graphic file (type png)
<use ./Figures/loadondays.png>
Package pdftex.def Info: ./Figures/loadondays.png  used on input line 60.
(pdftex.def)             Requested size: 208.73083pt x 142.26738pt.
<./Figures/core.png, id=282, 287.27325pt x 197.538pt>
File: ./Figures/core.png Graphic file (type png)
<use ./Figures/core.png>
Package pdftex.def Info: ./Figures/core.png  used on input line 64.
(pdftex.def)             Requested size: 208.73898pt x 142.26642pt.

Overfull \hbox (21.8968pt too wide) in paragraph at lines 60--65
[][] [][] 
 []

[16 <./DV1.png> <./DV2.png>] [17 <./DV3.png> <./Figures/DV4.png> <./Figures/loa
dondays.png> <./Figures/core.png>]
<./Figures/errormetrics.png, id=311, 114.4275pt x 63.23625pt>
File: ./Figures/errormetrics.png Graphic file (type png)
<use ./Figures/errormetrics.png>
Package pdftex.def Info: ./Figures/errormetrics.png  used on input line 77.
(pdftex.def)             Requested size: 125.24318pt x 69.2156pt.
) [18 <./Figures/errormetrics.png>]
Chapter 5.
(Chapters/timeseries.tex
<./Figures/decomposition.png, id=320, 951.555pt x 850.17625pt>
File: ./Figures/decomposition.png Graphic file (type png)
<use ./Figures/decomposition.png>
Package pdftex.def Info: ./Figures/decomposition.png  used on input line 7.
(pdftex.def)             Requested size: 417.47307pt x 373.00198pt.


Package natbib Warning: Citation `cheung1995lag' on page 19 undefined on input 
line 26.

[19

]
<./Figures/AIC_SCORE_ARIMA.png, id=332, 407.72325pt x 304.13625pt>
File: ./Figures/AIC_SCORE_ARIMA.png Graphic file (type png)
<use ./Figures/AIC_SCORE_ARIMA.png>
Package pdftex.def Info: ./Figures/AIC_SCORE_ARIMA.png  used on input line 34.
(pdftex.def)             Requested size: 417.47307pt x 311.40753pt.
<./Figures/ARIMA.png, id=333, 785.93625pt x 272.81924pt>
File: ./Figures/ARIMA.png Graphic file (type png)
<use ./Figures/ARIMA.png>
Package pdftex.def Info: ./Figures/ARIMA.png  used on input line 41.
(pdftex.def)             Requested size: 417.47307pt x 144.91821pt.
 [20 <./Figures/decomposition.png>] [21 <./Figures/AIC_SCORE_ARIMA.png> <./Figu
res/ARIMA.png>]
<./Figures/VAR_AIC_CHART.png, id=348, 462.528pt x 314.97675pt>
File: ./Figures/VAR_AIC_CHART.png Graphic file (type png)
<use ./Figures/VAR_AIC_CHART.png>
Package pdftex.def Info: ./Figures/VAR_AIC_CHART.png  used on input line 79.
(pdftex.def)             Requested size: 417.47307pt x 284.3079pt.
) [22 <./Figures/VAR_AIC_CHART.png>] [23] [24

]
Chapter 6.
(Chapters/neuralnetwork.tex
<./Figures/tensorflow.png, id=365, 378.81525pt x 261.3765pt>
File: ./Figures/tensorflow.png Graphic file (type png)
<use ./Figures/tensorflow.png>
Package pdftex.def Info: ./Figures/tensorflow.png  used on input line 7.
(pdftex.def)             Requested size: 417.47307pt x 288.04944pt.
 [25 <./Figures/tensorflow.png>]
<./Figures/model1.png, id=373, 1451.4225pt x 579.16376pt>
File: ./Figures/model1.png Graphic file (type png)
<use ./Figures/model1.png>
Package pdftex.def Info: ./Figures/model1.png  used on input line 18.
(pdftex.def)             Requested size: 417.46898pt x 142.2631pt.

Overfull \hbox (3.6459pt too wide) in paragraph at lines 18--19
[][] 
 []

<./Figures/lambdamodel2.png, id=374, 1451.4225pt x 579.16376pt>
File: ./Figures/lambdamodel2.png Graphic file (type png)
<use ./Figures/lambdamodel2.png>
Package pdftex.def Info: ./Figures/lambdamodel2.png  used on input line 22.
(pdftex.def)             Requested size: 417.46898pt x 142.2631pt.

Overfull \hbox (3.6459pt too wide) in paragraph at lines 22--23
[][] 
 []

<./Figures/lstmmodel3.png, id=375, 1451.4225pt x 579.16376pt>
File: ./Figures/lstmmodel3.png Graphic file (type png)
<use ./Figures/lstmmodel3.png>
Package pdftex.def Info: ./Figures/lstmmodel3.png  used on input line 26.
(pdftex.def)             Requested size: 417.46898pt x 142.2631pt.

Overfull \hbox (3.6459pt too wide) in paragraph at lines 26--27
[][] 
 []

[26 <./Figures/model1.png> <./Figures/lambdamodel2.png> <./Figures/lstmmodel3.p
ng>]
<./Figures/model1loss.png, id=392, 625.33624pt x 339.2675pt>
File: ./Figures/model1loss.png Graphic file (type png)
<use ./Figures/model1loss.png>
Package pdftex.def Info: ./Figures/model1loss.png  used on input line 39.
(pdftex.def)             Requested size: 208.73752pt x 142.2636pt.
<./Figures/model2loss.png, id=393, 607.26875pt x 339.2675pt>
File: ./Figures/model2loss.png Graphic file (type png)
<use ./Figures/model2loss.png>
Package pdftex.def Info: ./Figures/model2loss.png  used on input line 44.
(pdftex.def)             Requested size: 208.72958pt x 142.2636pt.

Overfull \hbox (29.19408pt too wide) in paragraph at lines 39--45
[][] [][] 
 []

<./Figures/model3loss.png, id=394, 632.3625pt x 339.2675pt>
File: ./Figures/model3loss.png Graphic file (type png)
<use ./Figures/model3loss.png>
Package pdftex.def Info: ./Figures/model3loss.png  used on input line 48.
(pdftex.def)             Requested size: 208.72852pt x 142.2636pt.
<./Figures/Bi_LSTM single.png, id=399, 1451.4225pt x 579.16376pt>
File: ./Figures/Bi_LSTM single.png Graphic file (type png)
<use ./Figures/Bi_LSTM single.png>
Package pdftex.def Info: ./Figures/Bi_LSTM single.png  used on input line 59.
(pdftex.def)             Requested size: 417.46898pt x 142.2631pt.

Overfull \hbox (3.6459pt too wide) in paragraph at lines 59--60
[][] 
 []

<./Figures/Bi-LSTM.png, id=400, 1451.4225pt x 579.16376pt>
File: ./Figures/Bi-LSTM.png Graphic file (type png)
<use ./Figures/Bi-LSTM.png>
Package pdftex.def Info: ./Figures/Bi-LSTM.png  used on input line 63.
(pdftex.def)             Requested size: 417.46898pt x 142.2631pt.

Overfull \hbox (3.6459pt too wide) in paragraph at lines 63--64
[][] 
 []


Package natbib Warning: Citation `guan2019predicting' on page 27 undefined on i
nput line 69.

<./Figures/model4loss.png, id=402, 625.33624pt x 339.2675pt>
File: ./Figures/model4loss.png Graphic file (type png)
<use ./Figures/model4loss.png>
Package pdftex.def Info: ./Figures/model4loss.png  used on input line 74.
(pdftex.def)             Requested size: 417.48457pt x 142.2636pt.

Overfull \hbox (3.6615pt too wide) in paragraph at lines 74--75
[][] 
 []

<./Figures/model5loss.png, id=403, 632.3625pt x 339.2675pt>
File: ./Figures/model5loss.png Graphic file (type png)
<use ./Figures/model5loss.png>
Package pdftex.def Info: ./Figures/model5loss.png  used on input line 78.
(pdftex.def)             Requested size: 417.47633pt x 142.2636pt.

Overfull \hbox (3.65326pt too wide) in paragraph at lines 78--79
[][] 
 []

[27 <./Figures/model1loss.png> <./Figures/model2loss.png> <./Figures/model3loss
.png>] [28 <./Figures/Bi_LSTM single.png> <./Figures/Bi-LSTM.png>]) [29 <./Figu
res/model4loss.png> <./Figures/model5loss.png>] [30

]
Chapter 7.
(Chapters/futurework.tex) [31] [32

]
Chapter 8.
(Chapters/conclusion.tex) [33] [34

] (Thesis.lof)
\tf@lof=\write6
\openout6 = `Thesis.lof'.

 [35] (Thesis.lot)
\tf@lot=\write7
\openout7 = `Thesis.lot'.

 [36

]
No file Thesis.bbl.
(Chapters/Appendix.tex
<./Figures/model21.png, id=490, 1444.39626pt x 579.16376pt>
File: ./Figures/model21.png Graphic file (type png)
<use ./Figures/model21.png>
Package pdftex.def Info: ./Figures/model21.png  used on input line 8.
(pdftex.def)             Requested size: 417.4757pt x 113.80695pt.

Overfull \hbox (3.65262pt too wide) in paragraph at lines 8--9
[][] 
 []

<./Figures/model22.png, id=491, 1444.39626pt x 579.16376pt>
File: ./Figures/model22.png Graphic file (type png)
<use ./Figures/model22.png>
Package pdftex.def Info: ./Figures/model22.png  used on input line 12.
(pdftex.def)             Requested size: 417.4757pt x 113.80695pt.

Overfull \hbox (3.65262pt too wide) in paragraph at lines 12--13
[][] 
 []

<./Figures/model23.png, id=492, 1444.39626pt x 579.16376pt>
File: ./Figures/model23.png Graphic file (type png)
<use ./Figures/model23.png>
Package pdftex.def Info: ./Figures/model23.png  used on input line 16.
(pdftex.def)             Requested size: 417.4757pt x 113.80695pt.

Overfull \hbox (3.65262pt too wide) in paragraph at lines 16--17
[][] 
 []

<./Figures/model24.png, id=493, 1444.39626pt x 579.16376pt>
File: ./Figures/model24.png Graphic file (type png)
<use ./Figures/model24.png>
Package pdftex.def Info: ./Figures/model24.png  used on input line 20.
(pdftex.def)             Requested size: 417.4757pt x 113.80695pt.

Overfull \hbox (3.65262pt too wide) in paragraph at lines 20--21
[][] 
 []

<./Figures/model25.png, id=494, 1444.39626pt x 579.16376pt>
File: ./Figures/model25.png Graphic file (type png)
<use ./Figures/model25.png>
Package pdftex.def Info: ./Figures/model25.png  used on input line 24.
(pdftex.def)             Requested size: 417.4757pt x 113.80695pt.

Overfull \hbox (3.65262pt too wide) in paragraph at lines 24--25
[][] 
 []


LaTeX Warning: Float too large for page by 25.06165pt on input line 27.

)

Package natbib Warning: There were undefined citations.

[37


] [38 <./Figures/model21.png> <./Figures/model22.png> <./Figures/model23.png> <
./Figures/model24.png> <./Figures/model25.png>]
Package atveryend Info: Empty hook `BeforeClearDocument' on input line 142.
Package atveryend Info: Empty hook `AfterLastShipout' on input line 142.
 (Thesis.aux)
Package atveryend Info: Executing hook `AtVeryEndDocument' on input line 142.
Package atveryend Info: Executing hook `AtEndAfterFileList' on input line 142.
Package rerunfilecheck Info: File `Thesis.out' has not changed.
(rerunfilecheck)             Checksum: 23412A84E408777E0DF3202103722C1F;4586.


LaTeX Warning: Label(s) may have changed. Rerun to get cross-references right.

Package atveryend Info: Empty hook `AtVeryVeryEnd' on input line 142.
 ) 
Here is how much of TeX's memory you used:
 26444 strings out of 480930
 470703 string characters out of 2901168
 871824 words of memory out of 3000000
 41600 multiletter control sequences out of 15000+200000
 544783 words of font info for 70 fonts, out of 3000000 for 9000
 1141 hyphenation exceptions out of 8191
 68i,14n,91p,1893b,513s stack positions out of 5000i,500n,10000p,200000b,50000s
 <C:\Users\JD\AppData\Local\MiKTeX\2.9\fonts/pk/ljfour/jknappen/ec/dpi600\tcr
m1095.pk><C:/Users/JD/AppData/Local/Programs/MiKTeX 2.9/fonts/type1/public/amsf
onts/cm/cmbx10.pfb><C:/Users/JD/AppData/Local/Programs/MiKTeX 2.9/fonts/type1/p
ublic/amsfonts/cm/cmbx12.pfb><C:/Users/JD/AppData/Local/Programs/MiKTeX 2.9/fon
ts/type1/public/amsfonts/cm/cmcsc10.pfb><C:/Users/JD/AppData/Local/Programs/MiK
TeX 2.9/fonts/type1/public/amsfonts/cm/cmex10.pfb><C:/Users/JD/AppData/Local/Pr
ograms/MiKTeX 2.9/fonts/type1/public/amsfonts/cm/cmmi10.pfb><C:/Users/JD/AppDat
a/Local/Programs/MiKTeX 2.9/fonts/type1/public/amsfonts/cm/cmmi8.pfb><C:/Users/
JD/AppData/Local/Programs/MiKTeX 2.9/fonts/type1/public/amsfonts/cm/cmr10.pfb><
C:/Users/JD/AppData/Local/Programs/MiKTeX 2.9/fonts/type1/public/amsfonts/cm/cm
r12.pfb><C:/Users/JD/AppData/Local/Programs/MiKTeX 2.9/fonts/type1/public/amsfo
nts/cm/cmr17.pfb><C:/Users/JD/AppData/Local/Programs/MiKTeX 2.9/fonts/type1/pub
lic/amsfonts/cm/cmr8.pfb><C:/Users/JD/AppData/Local/Programs/MiKTeX 2.9/fonts/t
ype1/public/amsfonts/cm/cmr9.pfb><C:/Users/JD/AppData/Local/Programs/MiKTeX 2.9
/fonts/type1/public/amsfonts/cm/cmss17.pfb><C:/Users/JD/AppData/Local/Programs/
MiKTeX 2.9/fonts/type1/public/amsfonts/cm/cmsy10.pfb><C:/Users/JD/AppData/Local
/Programs/MiKTeX 2.9/fonts/type1/public/amsfonts/cm/cmsy8.pfb><C:/Users/JD/AppD
ata/Local/Programs/MiKTeX 2.9/fonts/type1/public/amsfonts/cm/cmti10.pfb><C:/Use
rs/JD/AppData/Local/Programs/MiKTeX 2.9/fonts/type1/public/amsfonts/cm/cmti12.p
fb><C:/Users/JD/AppData/Local/Programs/MiKTeX 2.9/fonts/type1/public/amsfonts/c
m/cmtt12.pfb>
Output written on Thesis.pdf (42 pages, 2906493 bytes).
PDF statistics:
 602 PDF objects out of 1000 (max. 8388607)
 138 named destinations out of 1000 (max. 500000)
 392 words of extra memory for PDF output out of 10000 (max. 10000000)

